# JRE version: Java(TM) SE Runtime Environment (7.0_80-b15) (build 1.7.0_80-b15)
# Java VM: Java HotSpot(TM) Server VM (24.80-b11 mixed mode linux-x86 )
Heap
 PSYoungGen      total 312320K, used 1760K [0x9df40000, 0xb34c0000, 0xb34c0000)
  eden space 274944K, 0% used [0x9df40000,0x9df40000,0xaebc0000)
  from space 37376K, 4% used [0xaebc0000,0xaed78188,0xb1040000)
  to   space 36608K, 0% used [0xb1100000,0xb1100000,0xb34c0000)
 ParOldGen       total 113920K, used 113863K [0x734c0000, 0x7a400000, 0x9df40000)
  object space 113920K, 99% used [0x734c0000,0x7a3f1e60,0x7a400000)
 PSPermGen       total 66560K, used 59541K [0x634c0000, 0x675c0000, 0x734c0000)
  object space 66560K, 89% used [0x634c0000,0x66ee5530,0x675c0000)
GC Heap History (10 events):
Event: 286,258 GC heap after
Heap after GC invocations=22 (full 3):
 PSYoungGen      total 309248K, used 15258K [0x9df40000, 0xb34c0000, 0xb34c0000)
  eden space 293888K, 0% used [0x9df40000,0x9df40000,0xafe40000)
  from space 15360K, 99% used [0xafe40000,0xb0d268a0,0xb0d40000)
  to   space 28160K, 0% used [0xb1940000,0xb1940000,0xb34c0000)
 ParOldGen       total 71424K, used 71200K [0x734c0000, 0x77a80000, 0x9df40000)
  object space 71424K, 99% used [0x734c0000,0x77a48298,0x77a80000)
 PSPermGen       total 54784K, used 41706K [0x634c0000, 0x66a40000, 0x734c0000)
  object space 54784K, 76% used [0x634c0000,0x65d7a900,0x66a40000)
}
Event: 286,258 GC heap before
{Heap before GC invocations=23 (full 4):
 PSYoungGen      total 309248K, used 15258K [0x9df40000, 0xb34c0000, 0xb34c0000)
  eden space 293888K, 0% used [0x9df40000,0x9df40000,0xafe40000)
  from space 15360K, 99% used [0xafe40000,0xb0d268a0,0xb0d40000)
  to   space 28160K, 0% used [0xb1940000,0xb1940000,0xb34c0000)
 ParOldGen       total 71424K, used 71200K [0x734c0000, 0x77a80000, 0x9df40000)
  object space 71424K, 99% used [0x734c0000,0x77a48298,0x77a80000)
 PSPermGen       total 54784K, used 41706K [0x634c0000, 0x66a40000, 0x734c0000)
  object space 54784K, 76% used [0x634c0000,0x65d7a900,0x66a40000)
Event: 287,339 GC heap after
Heap after GC invocations=23 (full 4):
 PSYoungGen      total 309248K, used 3052K [0x9df40000, 0xb34c0000, 0xb34c0000)
  eden space 293888K, 0% used [0x9df40000,0x9df40000,0xafe40000)
  from space 15360K, 19% used [0xafe40000,0xb013b0f0,0xb0d40000)
  to   space 28160K, 0% used [0xb1940000,0xb1940000,0xb34c0000)
 ParOldGen       total 71424K, used 71239K [0x734c0000, 0x77a80000, 0x9df40000)
  object space 71424K, 99% used [0x734c0000,0x77a51ff8,0x77a80000)
 PSPermGen       total 60928K, used 41597K [0x634c0000, 0x67040000, 0x734c0000)
  object space 60928K, 68% used [0x634c0000,0x65d5f770,0x67040000)
}
Event: 308,502 GC heap before
{Heap before GC invocations=24 (full 5):
 PSYoungGen      total 309248K, used 296940K [0x9df40000, 0xb34c0000, 0xb34c0000)
  eden space 293888K, 100% used [0x9df40000,0xafe40000,0xafe40000)
  from space 15360K, 19% used [0xafe40000,0xb013b0f0,0xb0d40000)
  to   space 28160K, 0% used [0xb1940000,0xb1940000,0xb34c0000)
 ParOldGen       total 71424K, used 71239K [0x734c0000, 0x77a80000, 0x9df40000)
  object space 71424K, 99% used [0x734c0000,0x77a51ff8,0x77a80000)
 PSPermGen       total 60928K, used 47736K [0x634c0000, 0x67040000, 0x734c0000)
  object space 60928K, 78% used [0x634c0000,0x6635e1e8,0x67040000)
Event: 309,446 GC heap after
Heap after GC invocations=24 (full 5):
 PSYoungGen      total 309248K, used 31162K [0x9df40000, 0xb34c0000, 0xb34c0000)
  eden space 293888K, 10% used [0x9df40000,0x9fdaea98,0xafe40000)
  from space 15360K, 0% used [0xafe40000,0xafe40000,0xb0d40000)
  to   space 28160K, 0% used [0xb1940000,0xb1940000,0xb34c0000)
 ParOldGen       total 113920K, used 71381K [0x734c0000, 0x7a400000, 0x9df40000)
  object space 113920K, 62% used [0x734c0000,0x77a755b0,0x7a400000)
 PSPermGen       total 66560K, used 47730K [0x634c0000, 0x675c0000, 0x734c0000)
  object space 66560K, 71% used [0x634c0000,0x6635cba0,0x675c0000)
}
Event: 342,259 GC heap before
{Heap before GC invocations=25 (full 5):
 PSYoungGen      total 309248K, used 293888K [0x9df40000, 0xb34c0000, 0xb34c0000)
  eden space 293888K, 100% used [0x9df40000,0xafe40000,0xafe40000)
  from space 15360K, 0% used [0xafe40000,0xafe40000,0xb0d40000)
  to   space 28160K, 0% used [0xb1940000,0xb1940000,0xb34c0000)
 ParOldGen       total 113920K, used 71381K [0x734c0000, 0x7a400000, 0x9df40000)
  object space 113920K, 62% used [0x734c0000,0x77a755b0,0x7a400000)
 PSPermGen       total 66560K, used 53391K [0x634c0000, 0x675c0000, 0x734c0000)
  object space 66560K, 80% used [0x634c0000,0x668e3ff0,0x675c0000)
Event: 342,492 GC heap after
Heap after GC invocations=25 (full 5):
 PSYoungGen      total 303104K, used 28146K [0x9df40000, 0xb34c0000, 0xb34c0000)
  eden space 274944K, 0% used [0x9df40000,0x9df40000,0xaebc0000)
  from space 28160K, 99% used [0xb1940000,0xb34bc938,0xb34c0000)
  to   space 37376K, 0% used [0xaebc0000,0xaebc0000,0xb1040000)
 ParOldGen       total 113920K, used 83142K [0x734c0000, 0x7a400000, 0x9df40000)
  object space 113920K, 72% used [0x734c0000,0x785f1870,0x7a400000)
 PSPermGen       total 66560K, used 53391K [0x634c0000, 0x675c0000, 0x734c0000)
  object space 66560K, 80% used [0x634c0000,0x668e3ff0,0x675c0000)
}
Event: 385,221 GC heap before
{Heap before GC invocations=26 (full 5):
 PSYoungGen      total 303104K, used 303090K [0x9df40000, 0xb34c0000, 0xb34c0000)
  eden space 274944K, 100% used [0x9df40000,0xaebc0000,0xaebc0000)
  from space 28160K, 99% used [0xb1940000,0xb34bc938,0xb34c0000)
  to   space 37376K, 0% used [0xaebc0000,0xaebc0000,0xb1040000)
 ParOldGen       total 113920K, used 83142K [0x734c0000, 0x7a400000, 0x9df40000)
  object space 113920K, 72% used [0x734c0000,0x785f1870,0x7a400000)
 PSPermGen       total 66560K, used 59551K [0x634c0000, 0x675c0000, 0x734c0000)
  object space 66560K, 89% used [0x634c0000,0x66ee7fa8,0x675c0000)
Event: 385,419 GC heap after
Heap after GC invocations=26 (full 5):
 PSYoungGen      total 312320K, used 17712K [0x9df40000, 0xb34c0000, 0xb34c0000)
  eden space 274944K, 0% used [0x9df40000,0x9df40000,0xaebc0000)
  from space 37376K, 47% used [0xaebc0000,0xafd0c0d0,0xb1040000)
  to   space 36608K, 0% used [0xb1100000,0xb1100000,0xb34c0000)
 ParOldGen       total 113920K, used 107701K [0x734c0000, 0x7a400000, 0x9df40000)
  object space 113920K, 94% used [0x734c0000,0x79ded5f8,0x7a400000)
 PSPermGen       total 66560K, used 59551K [0x634c0000, 0x675c0000, 0x734c0000)
  object space 66560K, 89% used [0x634c0000,0x66ee7fa8,0x675c0000)
}
Event: 385,419 GC heap before
{Heap before GC invocations=27 (full 6):
 PSYoungGen      total 312320K, used 17712K [0x9df40000, 0xb34c0000, 0xb34c0000)
  eden space 274944K, 0% used [0x9df40000,0x9df40000,0xaebc0000)
  from space 37376K, 47% used [0xaebc0000,0xafd0c0d0,0xb1040000)
  to   space 36608K, 0% used [0xb1100000,0xb1100000,0xb34c0000)
 ParOldGen       total 113920K, used 107701K [0x734c0000, 0x7a400000, 0x9df40000)
  object space 113920K, 94% used [0x734c0000,0x79ded5f8,0x7a400000)
 PSPermGen       total 66560K, used 59551K [0x634c0000, 0x675c0000, 0x734c0000)
  object space 66560K, 89% used [0x634c0000,0x66ee7fa8,0x675c0000)

